<?xml version="1.0" encoding="UTF-8"?>
<testsuite xmlns:xsi="http://www.w3.org/2001/XMLSchema-instance" xsi:noNamespaceSchemaLocation="https://maven.apache.org/surefire/maven-surefire-plugin/xsd/surefire-test-report-3.0.xsd" version="3.0" name="eu.fluidos.AppTest" time="0.037" tests="1" errors="0" skipped="0" failures="0">
  <properties>
    <property name="java.specification.version" value="22"/>
    <property name="sun.cpu.isalist" value="amd64"/>
    <property name="sun.jnu.encoding" value="Cp1252"/>
    <property name="java.class.path" value="C:\Users\salva\Desktop\traslator\fluidos-security-orchestrator\fluidos-security-orchestrator\target\test-classes;C:\Users\salva\Desktop\traslator\fluidos-security-orchestrator\fluidos-security-orchestrator\target\classes;C:\Users\salva\.m2\repository\junit\junit\3.8.1\junit-3.8.1.jar;C:\Users\salva\.m2\repository\org\codehaus\mojo\jaxb2-maven-plugin\3.1.0\jaxb2-maven-plugin-3.1.0.jar;C:\Users\salva\.m2\repository\com\sun\xml\bind\jaxb-xjc\3.0.0\jaxb-xjc-3.0.0.jar;C:\Users\salva\.m2\repository\com\sun\activation\jakarta.activation\2.0.0\jakarta.activation-2.0.0.jar;C:\Users\salva\.m2\repository\com\sun\xml\bind\jaxb-jxc\3.0.0\jaxb-jxc-3.0.0.jar;C:\Users\salva\.m2\repository\com\thoughtworks\qdox\qdox\2.0.1\qdox-2.0.1.jar;C:\Users\salva\.m2\repository\org\codehaus\plexus\plexus-compiler-api\2.11.1\plexus-compiler-api-2.11.1.jar;C:\Users\salva\.m2\repository\org\codehaus\plexus\plexus-utils\3.1.0\plexus-utils-3.1.0.jar;C:\Users\salva\.m2\repository\org\sonatype\plexus\plexus-build-api\0.0.7\plexus-build-api-0.0.7.jar;C:\Users\salva\.m2\repository\com\sun\istack\istack-commons-runtime\4.0.0\istack-commons-runtime-4.0.0.jar;C:\Users\salva\.m2\repository\jakarta\xml\bind\jakarta.xml.bind-api\4.0.0\jakarta.xml.bind-api-4.0.0.jar;C:\Users\salva\.m2\repository\jakarta\activation\jakarta.activation-api\2.1.0\jakarta.activation-api-2.1.0.jar;C:\Users\salva\.m2\repository\com\sun\xml\bind\jaxb-impl\4.0.3\jaxb-impl-4.0.3.jar;C:\Users\salva\.m2\repository\com\sun\xml\bind\jaxb-core\4.0.3\jaxb-core-4.0.3.jar;C:\Users\salva\.m2\repository\org\eclipse\angus\angus-activation\2.0.1\angus-activation-2.0.1.jar;C:\Users\salva\.m2\repository\org\apache\logging\log4j\log4j-core\2.20.0\log4j-core-2.20.0.jar;C:\Users\salva\.m2\repository\org\apache\logging\log4j\log4j-api\2.20.0\log4j-api-2.20.0.jar;C:\Users\salva\.m2\repository\io\kubernetes\client-java\14.0.0\client-java-14.0.0.jar;C:\Users\salva\.m2\repository\io\prometheus\simpleclient\0.12.0\simpleclient-0.12.0.jar;C:\Users\salva\.m2\repository\io\prometheus\simpleclient_tracer_otel\0.12.0\simpleclient_tracer_otel-0.12.0.jar;C:\Users\salva\.m2\repository\io\prometheus\simpleclient_tracer_common\0.12.0\simpleclient_tracer_common-0.12.0.jar;C:\Users\salva\.m2\repository\io\prometheus\simpleclient_tracer_otel_agent\0.12.0\simpleclient_tracer_otel_agent-0.12.0.jar;C:\Users\salva\.m2\repository\io\prometheus\simpleclient_httpserver\0.12.0\simpleclient_httpserver-0.12.0.jar;C:\Users\salva\.m2\repository\io\prometheus\simpleclient_common\0.12.0\simpleclient_common-0.12.0.jar;C:\Users\salva\.m2\repository\io\kubernetes\client-java-api\14.0.0\client-java-api-14.0.0.jar;C:\Users\salva\.m2\repository\javax\annotation\javax.annotation-api\1.3.2\javax.annotation-api-1.3.2.jar;C:\Users\salva\.m2\repository\io\swagger\swagger-annotations\1.6.3\swagger-annotations-1.6.3.jar;C:\Users\salva\.m2\repository\com\squareup\okhttp3\okhttp\4.9.1\okhttp-4.9.1.jar;C:\Users\salva\.m2\repository\com\squareup\okio\okio\2.8.0\okio-2.8.0.jar;C:\Users\salva\.m2\repository\org\jetbrains\kotlin\kotlin-stdlib-common\1.4.0\kotlin-stdlib-common-1.4.0.jar;C:\Users\salva\.m2\repository\org\jetbrains\kotlin\kotlin-stdlib\1.4.10\kotlin-stdlib-1.4.10.jar;C:\Users\salva\.m2\repository\org\jetbrains\annotations\13.0\annotations-13.0.jar;C:\Users\salva\.m2\repository\com\squareup\okhttp3\logging-interceptor\4.9.1\logging-interceptor-4.9.1.jar;C:\Users\salva\.m2\repository\org\jetbrains\kotlin\kotlin-stdlib-jdk8\1.4.10\kotlin-stdlib-jdk8-1.4.10.jar;C:\Users\salva\.m2\repository\org\jetbrains\kotlin\kotlin-stdlib-jdk7\1.4.10\kotlin-stdlib-jdk7-1.4.10.jar;C:\Users\salva\.m2\repository\io\gsonfire\gson-fire\1.8.5\gson-fire-1.8.5.jar;C:\Users\salva\.m2\repository\com\google\code\findbugs\jsr305\3.0.2\jsr305-3.0.2.jar;C:\Users\salva\.m2\repository\io\kubernetes\client-java-proto\14.0.0\client-java-proto-14.0.0.jar;C:\Users\salva\.m2\repository\org\yaml\snakeyaml\1.29\snakeyaml-1.29.jar;C:\Users\salva\.m2\repository\commons-codec\commons-codec\1.15\commons-codec-1.15.jar;C:\Users\salva\.m2\repository\org\apache\commons\commons-compress\1.21\commons-compress-1.21.jar;C:\Users\salva\.m2\repository\org\apache\commons\commons-lang3\3.12.0\commons-lang3-3.12.0.jar;C:\Users\salva\.m2\repository\commons-io\commons-io\2.11.0\commons-io-2.11.0.jar;C:\Users\salva\.m2\repository\org\slf4j\slf4j-api\1.7.32\slf4j-api-1.7.32.jar;C:\Users\salva\.m2\repository\org\bouncycastle\bcprov-ext-jdk15on\1.69\bcprov-ext-jdk15on-1.69.jar;C:\Users\salva\.m2\repository\org\bouncycastle\bcpkix-jdk15on\1.69\bcpkix-jdk15on-1.69.jar;C:\Users\salva\.m2\repository\org\bouncycastle\bcprov-jdk15on\1.69\bcprov-jdk15on-1.69.jar;C:\Users\salva\.m2\repository\org\bouncycastle\bcutil-jdk15on\1.69\bcutil-jdk15on-1.69.jar;C:\Users\salva\.m2\repository\com\google\protobuf\protobuf-java\3.19.1\protobuf-java-3.19.1.jar;C:\Users\salva\.m2\repository\org\apache\commons\commons-collections4\4.4\commons-collections4-4.4.jar;C:\Users\salva\.m2\repository\org\bitbucket\b_c\jose4j\0.7.9\jose4j-0.7.9.jar;C:\Users\salva\.m2\repository\ch\qos\logback\logback-classic\1.2.3\logback-classic-1.2.3.jar;C:\Users\salva\.m2\repository\ch\qos\logback\logback-core\1.2.3\logback-core-1.2.3.jar;C:\Users\salva\.m2\repository\io\fabric8\kubernetes-client\6.11.0\kubernetes-client-6.11.0.jar;C:\Users\salva\.m2\repository\io\fabric8\kubernetes-client-api\6.11.0\kubernetes-client-api-6.11.0.jar;C:\Users\salva\.m2\repository\io\fabric8\kubernetes-model-core\6.11.0\kubernetes-model-core-6.11.0.jar;C:\Users\salva\.m2\repository\io\fabric8\kubernetes-model-common\6.11.0\kubernetes-model-common-6.11.0.jar;C:\Users\salva\.m2\repository\com\fasterxml\jackson\core\jackson-annotations\2.17.0\jackson-annotations-2.17.0.jar;C:\Users\salva\.m2\repository\io\fabric8\kubernetes-model-gatewayapi\6.11.0\kubernetes-model-gatewayapi-6.11.0.jar;C:\Users\salva\.m2\repository\io\fabric8\kubernetes-model-resource\6.11.0\kubernetes-model-resource-6.11.0.jar;C:\Users\salva\.m2\repository\io\fabric8\kubernetes-model-rbac\6.11.0\kubernetes-model-rbac-6.11.0.jar;C:\Users\salva\.m2\repository\io\fabric8\kubernetes-model-admissionregistration\6.11.0\kubernetes-model-admissionregistration-6.11.0.jar;C:\Users\salva\.m2\repository\io\fabric8\kubernetes-model-apps\6.11.0\kubernetes-model-apps-6.11.0.jar;C:\Users\salva\.m2\repository\io\fabric8\kubernetes-model-autoscaling\6.11.0\kubernetes-model-autoscaling-6.11.0.jar;C:\Users\salva\.m2\repository\io\fabric8\kubernetes-model-apiextensions\6.11.0\kubernetes-model-apiextensions-6.11.0.jar;C:\Users\salva\.m2\repository\io\fabric8\kubernetes-model-batch\6.11.0\kubernetes-model-batch-6.11.0.jar;C:\Users\salva\.m2\repository\io\fabric8\kubernetes-model-certificates\6.11.0\kubernetes-model-certificates-6.11.0.jar;C:\Users\salva\.m2\repository\io\fabric8\kubernetes-model-coordination\6.11.0\kubernetes-model-coordination-6.11.0.jar;C:\Users\salva\.m2\repository\io\fabric8\kubernetes-model-discovery\6.11.0\kubernetes-model-discovery-6.11.0.jar;C:\Users\salva\.m2\repository\io\fabric8\kubernetes-model-events\6.11.0\kubernetes-model-events-6.11.0.jar;C:\Users\salva\.m2\repository\io\fabric8\kubernetes-model-extensions\6.11.0\kubernetes-model-extensions-6.11.0.jar;C:\Users\salva\.m2\repository\io\fabric8\kubernetes-model-flowcontrol\6.11.0\kubernetes-model-flowcontrol-6.11.0.jar;C:\Users\salva\.m2\repository\io\fabric8\kubernetes-model-networking\6.11.0\kubernetes-model-networking-6.11.0.jar;C:\Users\salva\.m2\repository\io\fabric8\kubernetes-model-metrics\6.11.0\kubernetes-model-metrics-6.11.0.jar;C:\Users\salva\.m2\repository\io\fabric8\kubernetes-model-policy\6.11.0\kubernetes-model-policy-6.11.0.jar;C:\Users\salva\.m2\repository\io\fabric8\kubernetes-model-scheduling\6.11.0\kubernetes-model-scheduling-6.11.0.jar;C:\Users\salva\.m2\repository\io\fabric8\kubernetes-model-storageclass\6.11.0\kubernetes-model-storageclass-6.11.0.jar;C:\Users\salva\.m2\repository\io\fabric8\kubernetes-model-node\6.11.0\kubernetes-model-node-6.11.0.jar;C:\Users\salva\.m2\repository\org\snakeyaml\snakeyaml-engine\2.7\snakeyaml-engine-2.7.jar;C:\Users\salva\.m2\repository\com\fasterxml\jackson\dataformat\jackson-dataformat-yaml\2.17.0\jackson-dataformat-yaml-2.17.0.jar;C:\Users\salva\.m2\repository\com\fasterxml\jackson\datatype\jackson-datatype-jsr310\2.17.0\jackson-datatype-jsr310-2.17.0.jar;C:\Users\salva\.m2\repository\com\fasterxml\jackson\core\jackson-databind\2.17.0\jackson-databind-2.17.0.jar;C:\Users\salva\.m2\repository\net\bytebuddy\byte-buddy\1.14.9\byte-buddy-1.14.9.jar;C:\Users\salva\.m2\repository\com\fasterxml\jackson\core\jackson-core\2.17.0\jackson-core-2.17.0.jar;C:\Users\salva\.m2\repository\io\fabric8\kubernetes-httpclient-okhttp\6.11.0\kubernetes-httpclient-okhttp-6.11.0.jar;C:\Users\salva\.m2\repository\io\fabric8\zjsonpatch\0.3.0\zjsonpatch-0.3.0.jar;C:\Users\salva\.m2\repository\com\google\code\gson\gson\2.10.1\gson-2.10.1.jar;"/>
    <property name="java.vm.vendor" value="Oracle Corporation"/>
    <property name="sun.arch.data.model" value="64"/>
    <property name="user.variant" value=""/>
    <property name="java.vendor.url" value="https://java.oracle.com/"/>
    <property name="user.timezone" value="Europe/Rome"/>
    <property name="os.name" value="Windows 11"/>
    <property name="java.vm.specification.version" value="22"/>
    <property name="sun.java.launcher" value="SUN_STANDARD"/>
    <property name="user.country" value="IT"/>
    <property name="sun.boot.library.path" value="C:\Program Files\Java\jdk-22\bin"/>
    <property name="sun.java.command" value="C:\Users\salva\AppData\Local\Temp\surefire6271144593462383286\surefirebooter-20240910121251386_3.jar C:\Users\salva\AppData\Local\Temp\surefire6271144593462383286 2024-09-10T12-12-51_162-jvmRun1 surefire-20240910121251386_1tmp surefire_0-20240910121251386_2tmp"/>
    <property name="jdk.debug" value="release"/>
    <property name="surefire.test.class.path" value="C:\Users\salva\Desktop\traslator\fluidos-security-orchestrator\fluidos-security-orchestrator\target\test-classes;C:\Users\salva\Desktop\traslator\fluidos-security-orchestrator\fluidos-security-orchestrator\target\classes;C:\Users\salva\.m2\repository\junit\junit\3.8.1\junit-3.8.1.jar;C:\Users\salva\.m2\repository\org\codehaus\mojo\jaxb2-maven-plugin\3.1.0\jaxb2-maven-plugin-3.1.0.jar;C:\Users\salva\.m2\repository\com\sun\xml\bind\jaxb-xjc\3.0.0\jaxb-xjc-3.0.0.jar;C:\Users\salva\.m2\repository\com\sun\activation\jakarta.activation\2.0.0\jakarta.activation-2.0.0.jar;C:\Users\salva\.m2\repository\com\sun\xml\bind\jaxb-jxc\3.0.0\jaxb-jxc-3.0.0.jar;C:\Users\salva\.m2\repository\com\thoughtworks\qdox\qdox\2.0.1\qdox-2.0.1.jar;C:\Users\salva\.m2\repository\org\codehaus\plexus\plexus-compiler-api\2.11.1\plexus-compiler-api-2.11.1.jar;C:\Users\salva\.m2\repository\org\codehaus\plexus\plexus-utils\3.1.0\plexus-utils-3.1.0.jar;C:\Users\salva\.m2\repository\org\sonatype\plexus\plexus-build-api\0.0.7\plexus-build-api-0.0.7.jar;C:\Users\salva\.m2\repository\com\sun\istack\istack-commons-runtime\4.0.0\istack-commons-runtime-4.0.0.jar;C:\Users\salva\.m2\repository\jakarta\xml\bind\jakarta.xml.bind-api\4.0.0\jakarta.xml.bind-api-4.0.0.jar;C:\Users\salva\.m2\repository\jakarta\activation\jakarta.activation-api\2.1.0\jakarta.activation-api-2.1.0.jar;C:\Users\salva\.m2\repository\com\sun\xml\bind\jaxb-impl\4.0.3\jaxb-impl-4.0.3.jar;C:\Users\salva\.m2\repository\com\sun\xml\bind\jaxb-core\4.0.3\jaxb-core-4.0.3.jar;C:\Users\salva\.m2\repository\org\eclipse\angus\angus-activation\2.0.1\angus-activation-2.0.1.jar;C:\Users\salva\.m2\repository\org\apache\logging\log4j\log4j-core\2.20.0\log4j-core-2.20.0.jar;C:\Users\salva\.m2\repository\org\apache\logging\log4j\log4j-api\2.20.0\log4j-api-2.20.0.jar;C:\Users\salva\.m2\repository\io\kubernetes\client-java\14.0.0\client-java-14.0.0.jar;C:\Users\salva\.m2\repository\io\prometheus\simpleclient\0.12.0\simpleclient-0.12.0.jar;C:\Users\salva\.m2\repository\io\prometheus\simpleclient_tracer_otel\0.12.0\simpleclient_tracer_otel-0.12.0.jar;C:\Users\salva\.m2\repository\io\prometheus\simpleclient_tracer_common\0.12.0\simpleclient_tracer_common-0.12.0.jar;C:\Users\salva\.m2\repository\io\prometheus\simpleclient_tracer_otel_agent\0.12.0\simpleclient_tracer_otel_agent-0.12.0.jar;C:\Users\salva\.m2\repository\io\prometheus\simpleclient_httpserver\0.12.0\simpleclient_httpserver-0.12.0.jar;C:\Users\salva\.m2\repository\io\prometheus\simpleclient_common\0.12.0\simpleclient_common-0.12.0.jar;C:\Users\salva\.m2\repository\io\kubernetes\client-java-api\14.0.0\client-java-api-14.0.0.jar;C:\Users\salva\.m2\repository\javax\annotation\javax.annotation-api\1.3.2\javax.annotation-api-1.3.2.jar;C:\Users\salva\.m2\repository\io\swagger\swagger-annotations\1.6.3\swagger-annotations-1.6.3.jar;C:\Users\salva\.m2\repository\com\squareup\okhttp3\okhttp\4.9.1\okhttp-4.9.1.jar;C:\Users\salva\.m2\repository\com\squareup\okio\okio\2.8.0\okio-2.8.0.jar;C:\Users\salva\.m2\repository\org\jetbrains\kotlin\kotlin-stdlib-common\1.4.0\kotlin-stdlib-common-1.4.0.jar;C:\Users\salva\.m2\repository\org\jetbrains\kotlin\kotlin-stdlib\1.4.10\kotlin-stdlib-1.4.10.jar;C:\Users\salva\.m2\repository\org\jetbrains\annotations\13.0\annotations-13.0.jar;C:\Users\salva\.m2\repository\com\squareup\okhttp3\logging-interceptor\4.9.1\logging-interceptor-4.9.1.jar;C:\Users\salva\.m2\repository\org\jetbrains\kotlin\kotlin-stdlib-jdk8\1.4.10\kotlin-stdlib-jdk8-1.4.10.jar;C:\Users\salva\.m2\repository\org\jetbrains\kotlin\kotlin-stdlib-jdk7\1.4.10\kotlin-stdlib-jdk7-1.4.10.jar;C:\Users\salva\.m2\repository\io\gsonfire\gson-fire\1.8.5\gson-fire-1.8.5.jar;C:\Users\salva\.m2\repository\com\google\code\findbugs\jsr305\3.0.2\jsr305-3.0.2.jar;C:\Users\salva\.m2\repository\io\kubernetes\client-java-proto\14.0.0\client-java-proto-14.0.0.jar;C:\Users\salva\.m2\repository\org\yaml\snakeyaml\1.29\snakeyaml-1.29.jar;C:\Users\salva\.m2\repository\commons-codec\commons-codec\1.15\commons-codec-1.15.jar;C:\Users\salva\.m2\repository\org\apache\commons\commons-compress\1.21\commons-compress-1.21.jar;C:\Users\salva\.m2\repository\org\apache\commons\commons-lang3\3.12.0\commons-lang3-3.12.0.jar;C:\Users\salva\.m2\repository\commons-io\commons-io\2.11.0\commons-io-2.11.0.jar;C:\Users\salva\.m2\repository\org\slf4j\slf4j-api\1.7.32\slf4j-api-1.7.32.jar;C:\Users\salva\.m2\repository\org\bouncycastle\bcprov-ext-jdk15on\1.69\bcprov-ext-jdk15on-1.69.jar;C:\Users\salva\.m2\repository\org\bouncycastle\bcpkix-jdk15on\1.69\bcpkix-jdk15on-1.69.jar;C:\Users\salva\.m2\repository\org\bouncycastle\bcprov-jdk15on\1.69\bcprov-jdk15on-1.69.jar;C:\Users\salva\.m2\repository\org\bouncycastle\bcutil-jdk15on\1.69\bcutil-jdk15on-1.69.jar;C:\Users\salva\.m2\repository\com\google\protobuf\protobuf-java\3.19.1\protobuf-java-3.19.1.jar;C:\Users\salva\.m2\repository\org\apache\commons\commons-collections4\4.4\commons-collections4-4.4.jar;C:\Users\salva\.m2\repository\org\bitbucket\b_c\jose4j\0.7.9\jose4j-0.7.9.jar;C:\Users\salva\.m2\repository\ch\qos\logback\logback-classic\1.2.3\logback-classic-1.2.3.jar;C:\Users\salva\.m2\repository\ch\qos\logback\logback-core\1.2.3\logback-core-1.2.3.jar;C:\Users\salva\.m2\repository\io\fabric8\kubernetes-client\6.11.0\kubernetes-client-6.11.0.jar;C:\Users\salva\.m2\repository\io\fabric8\kubernetes-client-api\6.11.0\kubernetes-client-api-6.11.0.jar;C:\Users\salva\.m2\repository\io\fabric8\kubernetes-model-core\6.11.0\kubernetes-model-core-6.11.0.jar;C:\Users\salva\.m2\repository\io\fabric8\kubernetes-model-common\6.11.0\kubernetes-model-common-6.11.0.jar;C:\Users\salva\.m2\repository\com\fasterxml\jackson\core\jackson-annotations\2.17.0\jackson-annotations-2.17.0.jar;C:\Users\salva\.m2\repository\io\fabric8\kubernetes-model-gatewayapi\6.11.0\kubernetes-model-gatewayapi-6.11.0.jar;C:\Users\salva\.m2\repository\io\fabric8\kubernetes-model-resource\6.11.0\kubernetes-model-resource-6.11.0.jar;C:\Users\salva\.m2\repository\io\fabric8\kubernetes-model-rbac\6.11.0\kubernetes-model-rbac-6.11.0.jar;C:\Users\salva\.m2\repository\io\fabric8\kubernetes-model-admissionregistration\6.11.0\kubernetes-model-admissionregistration-6.11.0.jar;C:\Users\salva\.m2\repository\io\fabric8\kubernetes-model-apps\6.11.0\kubernetes-model-apps-6.11.0.jar;C:\Users\salva\.m2\repository\io\fabric8\kubernetes-model-autoscaling\6.11.0\kubernetes-model-autoscaling-6.11.0.jar;C:\Users\salva\.m2\repository\io\fabric8\kubernetes-model-apiextensions\6.11.0\kubernetes-model-apiextensions-6.11.0.jar;C:\Users\salva\.m2\repository\io\fabric8\kubernetes-model-batch\6.11.0\kubernetes-model-batch-6.11.0.jar;C:\Users\salva\.m2\repository\io\fabric8\kubernetes-model-certificates\6.11.0\kubernetes-model-certificates-6.11.0.jar;C:\Users\salva\.m2\repository\io\fabric8\kubernetes-model-coordination\6.11.0\kubernetes-model-coordination-6.11.0.jar;C:\Users\salva\.m2\repository\io\fabric8\kubernetes-model-discovery\6.11.0\kubernetes-model-discovery-6.11.0.jar;C:\Users\salva\.m2\repository\io\fabric8\kubernetes-model-events\6.11.0\kubernetes-model-events-6.11.0.jar;C:\Users\salva\.m2\repository\io\fabric8\kubernetes-model-extensions\6.11.0\kubernetes-model-extensions-6.11.0.jar;C:\Users\salva\.m2\repository\io\fabric8\kubernetes-model-flowcontrol\6.11.0\kubernetes-model-flowcontrol-6.11.0.jar;C:\Users\salva\.m2\repository\io\fabric8\kubernetes-model-networking\6.11.0\kubernetes-model-networking-6.11.0.jar;C:\Users\salva\.m2\repository\io\fabric8\kubernetes-model-metrics\6.11.0\kubernetes-model-metrics-6.11.0.jar;C:\Users\salva\.m2\repository\io\fabric8\kubernetes-model-policy\6.11.0\kubernetes-model-policy-6.11.0.jar;C:\Users\salva\.m2\repository\io\fabric8\kubernetes-model-scheduling\6.11.0\kubernetes-model-scheduling-6.11.0.jar;C:\Users\salva\.m2\repository\io\fabric8\kubernetes-model-storageclass\6.11.0\kubernetes-model-storageclass-6.11.0.jar;C:\Users\salva\.m2\repository\io\fabric8\kubernetes-model-node\6.11.0\kubernetes-model-node-6.11.0.jar;C:\Users\salva\.m2\repository\org\snakeyaml\snakeyaml-engine\2.7\snakeyaml-engine-2.7.jar;C:\Users\salva\.m2\repository\com\fasterxml\jackson\dataformat\jackson-dataformat-yaml\2.17.0\jackson-dataformat-yaml-2.17.0.jar;C:\Users\salva\.m2\repository\com\fasterxml\jackson\datatype\jackson-datatype-jsr310\2.17.0\jackson-datatype-jsr310-2.17.0.jar;C:\Users\salva\.m2\repository\com\fasterxml\jackson\core\jackson-databind\2.17.0\jackson-databind-2.17.0.jar;C:\Users\salva\.m2\repository\net\bytebuddy\byte-buddy\1.14.9\byte-buddy-1.14.9.jar;C:\Users\salva\.m2\repository\com\fasterxml\jackson\core\jackson-core\2.17.0\jackson-core-2.17.0.jar;C:\Users\salva\.m2\repository\io\fabric8\kubernetes-httpclient-okhttp\6.11.0\kubernetes-httpclient-okhttp-6.11.0.jar;C:\Users\salva\.m2\repository\io\fabric8\zjsonpatch\0.3.0\zjsonpatch-0.3.0.jar;C:\Users\salva\.m2\repository\com\google\code\gson\gson\2.10.1\gson-2.10.1.jar;"/>
    <property name="sun.cpu.endian" value="little"/>
    <property name="user.home" value="C:\Users\salva"/>
    <property name="user.language" value="it"/>
    <property name="java.specification.vendor" value="Oracle Corporation"/>
    <property name="java.version.date" value="2024-03-19"/>
    <property name="java.home" value="C:\Program Files\Java\jdk-22"/>
    <property name="file.separator" value="\"/>
    <property name="basedir" value="C:\Users\salva\Desktop\traslator\fluidos-security-orchestrator\fluidos-security-orchestrator"/>
    <property name="java.vm.compressedOopsMode" value="Zero based"/>
    <property name="line.separator" value="&#10;"/>
    <property name="java.vm.specification.vendor" value="Oracle Corporation"/>
    <property name="java.specification.name" value="Java Platform API Specification"/>
    <property name="surefire.real.class.path" value="C:\Users\salva\AppData\Local\Temp\surefire6271144593462383286\surefirebooter-20240910121251386_3.jar"/>
    <property name="user.script" value=""/>
    <property name="sun.management.compiler" value="HotSpot 64-Bit Tiered Compilers"/>
    <property name="java.runtime.version" value="22+36-2370"/>
    <property name="user.name" value="salva"/>
    <property name="stdout.encoding" value="Cp1252"/>
    <property name="path.separator" value=";"/>
    <property name="os.version" value="10.0"/>
    <property name="java.runtime.name" value="Java(TM) SE Runtime Environment"/>
    <property name="file.encoding" value="UTF-8"/>
    <property name="java.vm.name" value="Java HotSpot(TM) 64-Bit Server VM"/>
    <property name="localRepository" value="C:\Users\salva\.m2\repository"/>
    <property name="java.vendor.url.bug" value="https://bugreport.java.com/bugreport/"/>
    <property name="java.io.tmpdir" value="C:\Users\salva\AppData\Local\Temp\"/>
    <property name="java.version" value="22"/>
    <property name="user.dir" value="C:\Users\salva\Desktop\traslator\fluidos-security-orchestrator\fluidos-security-orchestrator"/>
    <property name="os.arch" value="amd64"/>
    <property name="java.vm.specification.name" value="Java Virtual Machine Specification"/>
    <property name="sun.os.patch.level" value=""/>
    <property name="native.encoding" value="Cp1252"/>
    <property name="java.library.path" value="C:\Program Files\Java\jdk-22\bin;C:\Windows\Sun\Java\bin;C:\Windows\system32;C:\Windows;C:\Program Files\Common Files\Oracle\Java\javapath;C:\Windows\system32;C:\Windows;C:\Windows\System32\Wbem;C:\Windows\System32\WindowsPowerShell\v1.0\;C:\Windows\System32\OpenSSH\;C:\Program Files\Git\cmd;C:\Program Files\nodejs\;C:\Program Files\Go\bin;C:\Program Files\Docker\Docker\resources\bin;C:\Users\salva\AppData\Local\Microsoft\WindowsApps;C:\Users\salva\AppData\Local\Programs\Microsoft VS Code\bin;C:\Users\salva\AppData\Roaming\npm;C:\apache-maven-3.9.6\bin;C:\Users\salva\go\bin;."/>
    <property name="java.vm.info" value="mixed mode, sharing"/>
    <property name="stderr.encoding" value="Cp1252"/>
    <property name="java.vendor" value="Oracle Corporation"/>
    <property name="java.vm.version" value="22+36-2370"/>
    <property name="sun.io.unicode.encoding" value="UnicodeLittle"/>
    <property name="java.class.version" value="66.0"/>
  </properties>
  <testcase name="testApp" classname="eu.fluidos.AppTest" time="0.006"/>
</testsuite>